[16:20:23] [Server thread/INFO]: Starting minecraft server version 1.8.8
[16:20:23] [Server thread/INFO]: Loading properties
[16:20:23] [Server thread/INFO]: Default game type: CREATIVE
[16:20:23] [Server thread/INFO]: This server is running CraftBukkit version git-PaperSpigot-445 (MC: 1.8.8) (Implementing API version 1.8.8-R0.1-SNAPSHOT)
[16:20:23] [Server thread/WARN]: Failed to load operators list: 
java.lang.NullPointerException: Cannot invoke "net.minecraft.server.v1_8_R3.JsonListEntry.getKey()" because "jsonlistentry" is null
	at net.minecraft.server.v1_8_R3.JsonList.load(JsonList.java:195) ~[patched_1.8.8.jar:git-PaperSpigot-445]
	at net.minecraft.server.v1_8_R3.DedicatedPlayerList.A(SourceFile:107) ~[patched_1.8.8.jar:git-PaperSpigot-445]
	at net.minecraft.server.v1_8_R3.DedicatedPlayerList.<init>(SourceFile:29) ~[patched_1.8.8.jar:git-PaperSpigot-445]
	at net.minecraft.server.v1_8_R3.DedicatedServer.init(DedicatedServer.java:176) ~[patched_1.8.8.jar:git-PaperSpigot-445]
	at net.minecraft.server.v1_8_R3.MinecraftServer.run(MinecraftServer.java:563) ~[patched_1.8.8.jar:git-PaperSpigot-445]
	at java.lang.Thread.run(Thread.java:1583) [?:?]
[16:20:23] [Server thread/INFO]: Debug logging is disabled
[16:20:23] [Server thread/INFO]: Spigot Timings: true - Verbose: true - Interval: 5m - Length: 60m
[16:20:23] [Server thread/INFO]: Server Ping Player Sample Count: 12

[16:20:23] [Server thread/INFO]: Using 4 threads for Netty based IO
[16:20:23] [Server thread/INFO]: Data value allowed items: 
[16:20:23] [Server thread/WARN]: java.lang.NoSuchFieldException: modifiers

[16:20:23] [Server thread/WARN]: 	at java.base/java.lang.Class.getDeclaredField(Class.java:2782)

[16:20:23] [Server thread/WARN]: 	at org.github.paperspigot.PaperSpigotConfig.stackableBuckets(PaperSpigotConfig.java:192)

[16:20:23] [Server thread/WARN]: 	at java.base/jdk.internal.reflect.DirectMethodHandleAccessor.invoke(DirectMethodHandleAccessor.java:103)

[16:20:23] [Server thread/WARN]: 	at java.base/java.lang.reflect.Method.invoke(Method.java:580)

[16:20:23] [Server thread/WARN]: 	at org.github.paperspigot.PaperSpigotConfig.readConfig(PaperSpigotConfig.java:84)

[16:20:23] [Server thread/WARN]: 	at org.github.paperspigot.PaperSpigotConfig.init(PaperSpigotConfig.java:62)

[16:20:23] [Server thread/WARN]: 	at net.minecraft.server.v1_8_R3.DedicatedServer.init(DedicatedServer.java:181)

[16:20:23] [Server thread/WARN]: 	at net.minecraft.server.v1_8_R3.MinecraftServer.run(MinecraftServer.java:563)

[16:20:23] [Server thread/WARN]: 	at java.base/java.lang.Thread.run(Thread.java:1583)

[16:20:23] [Server thread/INFO]: Generating keypair
[16:20:23] [Server thread/INFO]: Starting Minecraft server on localhost:25565
[16:20:24] [Server thread/INFO]: Your platform does not provide complete low-level API for accessing direct buffers reliably. Unless explicitly requested, heap buffer will always be preferred to avoid potential system unstability.
[16:20:24] [Server thread/INFO]: Using default channel type
[16:20:24] [Server thread/ERROR]: Could not load 'plugins/ShipsFolia.jar' in folder 'plugins'
org.bukkit.plugin.InvalidDescriptionException: Invalid plugin.yml
	at org.bukkit.plugin.java.JavaPluginLoader.getPluginDescription(JavaPluginLoader.java:152) ~[patched_1.8.8.jar:git-PaperSpigot-445]
	at org.bukkit.plugin.SimplePluginManager.loadPlugins(SimplePluginManager.java:136) ~[patched_1.8.8.jar:git-PaperSpigot-445]
	at org.bukkit.craftbukkit.v1_8_R3.CraftServer.loadPlugins(CraftServer.java:293) ~[patched_1.8.8.jar:git-PaperSpigot-445]
	at net.minecraft.server.v1_8_R3.DedicatedServer.init(DedicatedServer.java:202) ~[patched_1.8.8.jar:git-PaperSpigot-445]
	at net.minecraft.server.v1_8_R3.MinecraftServer.run(MinecraftServer.java:563) ~[patched_1.8.8.jar:git-PaperSpigot-445]
	at java.lang.Thread.run(Thread.java:1583) [?:?]
Caused by: java.io.FileNotFoundException: Jar does not contain plugin.yml
	... 6 more
[16:20:24] [Server thread/ERROR]: Could not load 'plugins/Veinminer-2.0.4.jar' in folder 'plugins'
org.bukkit.plugin.InvalidDescriptionException: Invalid plugin.yml
	at org.bukkit.plugin.java.JavaPluginLoader.getPluginDescription(JavaPluginLoader.java:152) ~[patched_1.8.8.jar:git-PaperSpigot-445]
	at org.bukkit.plugin.SimplePluginManager.loadPlugins(SimplePluginManager.java:136) ~[patched_1.8.8.jar:git-PaperSpigot-445]
	at org.bukkit.craftbukkit.v1_8_R3.CraftServer.loadPlugins(CraftServer.java:293) ~[patched_1.8.8.jar:git-PaperSpigot-445]
	at net.minecraft.server.v1_8_R3.DedicatedServer.init(DedicatedServer.java:202) ~[patched_1.8.8.jar:git-PaperSpigot-445]
	at net.minecraft.server.v1_8_R3.MinecraftServer.run(MinecraftServer.java:563) ~[patched_1.8.8.jar:git-PaperSpigot-445]
	at java.lang.Thread.run(Thread.java:1583) [?:?]
Caused by: java.io.FileNotFoundException: Jar does not contain plugin.yml
	... 6 more
[16:20:24] [Server thread/INFO]: Set PluginClassLoader as parallel capable
[16:20:24] [Server thread/ERROR]: Could not load 'plugins/QuickShop-Hikari-3.2.0.1.jar' in folder 'plugins'
org.bukkit.plugin.InvalidPluginException: java.lang.NoClassDefFoundError: cc/carm/lib/easysql/api/SQLManager
	at org.bukkit.plugin.java.JavaPluginLoader.loadPlugin(JavaPluginLoader.java:133) ~[patched_1.8.8.jar:git-PaperSpigot-445]
	at org.bukkit.plugin.SimplePluginManager.loadPlugin(SimplePluginManager.java:331) ~[patched_1.8.8.jar:git-PaperSpigot-445]
	at org.bukkit.plugin.SimplePluginManager.loadPlugins(SimplePluginManager.java:254) ~[patched_1.8.8.jar:git-PaperSpigot-445]
	at org.bukkit.craftbukkit.v1_8_R3.CraftServer.loadPlugins(CraftServer.java:293) ~[patched_1.8.8.jar:git-PaperSpigot-445]
	at net.minecraft.server.v1_8_R3.DedicatedServer.init(DedicatedServer.java:202) ~[patched_1.8.8.jar:git-PaperSpigot-445]
	at net.minecraft.server.v1_8_R3.MinecraftServer.run(MinecraftServer.java:563) ~[patched_1.8.8.jar:git-PaperSpigot-445]
	at java.lang.Thread.run(Thread.java:1583) [?:?]
Caused by: java.lang.NoClassDefFoundError: cc/carm/lib/easysql/api/SQLManager
	at java.lang.Class.forName0(Native Method) ~[?:?]
	at java.lang.Class.forName(Class.java:534) ~[?:?]
	at java.lang.Class.forName(Class.java:513) ~[?:?]
	at org.bukkit.plugin.java.PluginClassLoader.<init>(PluginClassLoader.java:65) ~[patched_1.8.8.jar:git-PaperSpigot-445]
	at org.bukkit.plugin.java.JavaPluginLoader.loadPlugin(JavaPluginLoader.java:129) ~[patched_1.8.8.jar:git-PaperSpigot-445]
	... 6 more
Caused by: java.lang.ClassNotFoundException: cc.carm.lib.easysql.api.SQLManager
	at java.net.URLClassLoader.findClass(URLClassLoader.java:445) ~[?:?]
	at org.bukkit.plugin.java.PluginClassLoader.findClass(PluginClassLoader.java:102) ~[patched_1.8.8.jar:git-PaperSpigot-445]
	at org.bukkit.plugin.java.PluginClassLoader.findClass(PluginClassLoader.java:87) ~[patched_1.8.8.jar:git-PaperSpigot-445]
	at java.lang.ClassLoader.loadClass(ClassLoader.java:593) ~[?:?]
	at java.lang.ClassLoader.loadClass(ClassLoader.java:526) ~[?:?]
	at java.lang.Class.forName0(Native Method) ~[?:?]
	at java.lang.Class.forName(Class.java:534) ~[?:?]
	at java.lang.Class.forName(Class.java:513) ~[?:?]
	at org.bukkit.plugin.java.PluginClassLoader.<init>(PluginClassLoader.java:65) ~[patched_1.8.8.jar:git-PaperSpigot-445]
	at org.bukkit.plugin.java.JavaPluginLoader.loadPlugin(JavaPluginLoader.java:129) ~[patched_1.8.8.jar:git-PaperSpigot-445]
	... 6 more
[16:20:24] [Server thread/INFO]: [SimpleTpa] Loading SimpleTpa v7.0
[16:20:24] [Server thread/INFO]: [SimpleHomes] Loading SimpleHomes v2.2
[16:20:24] [Server thread/INFO]: [WorldEdit] Loading WorldEdit v6.1;no_git_id
[16:20:24] [Server thread/INFO]: [Vault] Loading Vault v1.5.5-b47
[16:20:24] [Server thread/INFO]: [Essentials] Loading Essentials v2.20.1
[16:20:24] [Server thread/INFO]: [LoginSecurity] Loading LoginSecurity v3.2.0
[16:20:24] [Server thread/INFO]: [Vault] Enabling Vault v1.5.5-b47
[16:20:24] [Server thread/INFO]: [Vault] [Economy] Essentials Economy found: Waiting
[16:20:24] [Server thread/INFO]: [Vault] [Permission] SuperPermissions loaded as backup permission system.
[16:20:24] [Server thread/INFO]: [Vault] Enabled Version 1.5.5-b47
[16:20:24] [Server thread/WARN]: **** SERVER IS RUNNING IN OFFLINE/INSECURE MODE!
[16:20:24] [Server thread/WARN]: The server will make no attempt to authenticate usernames. Beware.
[16:20:24] [Server thread/WARN]: Whilst this makes it possible to use BungeeCord, unless access to your server is properly restricted, it also opens up the ability for hackers to connect with any username they choose.
[16:20:24] [Server thread/WARN]: Please see http://www.spigotmc.org/wiki/firewall-guide/ for further information.
[16:20:24] [Server thread/WARN]: To change this, set "online-mode" to "true" in the server.properties file.
[16:20:24] [Server thread/INFO]: **** Beginning UUID conversion, this may take A LONG time ****
[16:20:24] [Server thread/INFO]: Preparing level "world"
[16:20:24] [Server thread/INFO]: -------- World Settings For [world] --------
[16:20:24] [Server thread/INFO]: Mob Spawn Range: 4
[16:20:24] [Server thread/INFO]: Anti X-Ray: true
[16:20:24] [Server thread/INFO]: 	Engine Mode: 1
[16:20:24] [Server thread/INFO]: 	Hidden Blocks: [14, 15, 16, 21, 48, 49, 54, 56, 73, 74, 82, 129, 130]
[16:20:24] [Server thread/INFO]: 	Replace Blocks: [1, 5]
[16:20:24] [Server thread/INFO]: Nerfing mobs spawned from spawners: false
[16:20:24] [Server thread/INFO]: Cactus Growth Modifier: 100%
[16:20:24] [Server thread/INFO]: Cane Growth Modifier: 100%
[16:20:24] [Server thread/INFO]: Melon Growth Modifier: 100%
[16:20:24] [Server thread/INFO]: Mushroom Growth Modifier: 100%
[16:20:24] [Server thread/INFO]: Pumpkin Growth Modifier: 100%
[16:20:24] [Server thread/INFO]: Sapling Growth Modifier: 100%
[16:20:24] [Server thread/INFO]: Wheat Growth Modifier: 100%
[16:20:24] [Server thread/INFO]: NetherWart Growth Modifier: 100%
[16:20:24] [Server thread/INFO]: Entity Activation Range: An 32 / Mo 32 / Mi 16
[16:20:24] [Server thread/INFO]: Entity Tracking Range: Pl 48 / An 48 / Mo 48 / Mi 32 / Other 64
[16:20:24] [Server thread/INFO]: Hopper Transfer: 8 Hopper Check: 8 Hopper Amount: 1
[16:20:24] [Server thread/INFO]: Random Lighting Updates: false
[16:20:24] [Server thread/INFO]: Structure Info Saving: true
[16:20:24] [Server thread/INFO]: Sending up to 10 chunks per packet
[16:20:24] [Server thread/INFO]: Max Entity Collisions: 8
[16:20:24] [Server thread/INFO]: Custom Map Seeds:  Village: 10387312 Feature: 14357617
[16:20:24] [Server thread/INFO]: Max TNT Explosions: 100
[16:20:24] [Server thread/INFO]: Tile Max Tick Time: 50ms Entity max Tick Time: 50ms
[16:20:24] [Server thread/INFO]: Item Despawn Rate: 6000
[16:20:24] [Server thread/INFO]: Item Merge Radius: 2.5
[16:20:24] [Server thread/INFO]: Arrow Despawn Rate: 1200
[16:20:24] [Server thread/INFO]: Allow Zombie Pigmen to spawn from portal blocks: true
[16:20:24] [Server thread/INFO]: View Distance: 4
[16:20:24] [Server thread/INFO]: Zombie Aggressive Towards Villager: true
[16:20:24] [Server thread/INFO]: Chunks to Grow per Tick: 650
[16:20:24] [Server thread/INFO]: Clear tick list: false
[16:20:24] [Server thread/INFO]: Experience Merge Radius: 3.0
[16:20:24] [Server thread/INFO]: -------- World Settings For [world] --------
[16:20:24] [Server thread/INFO]: Player blocking damage multiplier set to 0.5
[16:20:24] [Server thread/INFO]: Remove invalid mob spawner tile entities: true
[16:20:24] [Server thread/INFO]: Squids will spawn between Y: 45.0 and Y: 63.0
[16:20:24] [Server thread/INFO]: Max height for cactus growth 3. Max height for reed growth 3
[16:20:24] [Server thread/INFO]: Living Entity Despawn Ranges:  Soft: 32 Hard: 128
[16:20:24] [Server thread/INFO]: Water over lava flow speed: 5
[16:20:24] [Server thread/INFO]: Fix TNT cannons: false
[16:20:24] [Server thread/INFO]: Allow undead horse types to be leashed: false
[16:20:24] [Server thread/INFO]: Keep spawn chunk loaded: true
[16:20:24] [Server thread/INFO]: World async lighting: false
[16:20:24] [Server thread/INFO]: WorldServer TickNextTick cap set at 10000
[16:20:24] [Server thread/INFO]: WorldServer TickNextTickList cap always processes redstone: false
[16:20:24] [Server thread/INFO]: -------- World Settings For [world_nether] --------
[16:20:24] [Server thread/INFO]: Mob Spawn Range: 4
[16:20:24] [Server thread/INFO]: Anti X-Ray: true
[16:20:24] [Server thread/INFO]: 	Engine Mode: 1
[16:20:24] [Server thread/INFO]: 	Hidden Blocks: [14, 15, 16, 21, 48, 49, 54, 56, 73, 74, 82, 129, 130]
[16:20:24] [Server thread/INFO]: 	Replace Blocks: [1, 5]
[16:20:24] [Server thread/INFO]: Nerfing mobs spawned from spawners: false
[16:20:24] [Server thread/INFO]: Cactus Growth Modifier: 100%
[16:20:24] [Server thread/INFO]: Cane Growth Modifier: 100%
[16:20:24] [Server thread/INFO]: Melon Growth Modifier: 100%
[16:20:24] [Server thread/INFO]: Mushroom Growth Modifier: 100%
[16:20:24] [Server thread/INFO]: Pumpkin Growth Modifier: 100%
[16:20:24] [Server thread/INFO]: Sapling Growth Modifier: 100%
[16:20:24] [Server thread/INFO]: Wheat Growth Modifier: 100%
[16:20:24] [Server thread/INFO]: NetherWart Growth Modifier: 100%
[16:20:24] [Server thread/INFO]: Entity Activation Range: An 32 / Mo 32 / Mi 16
[16:20:24] [Server thread/INFO]: Entity Tracking Range: Pl 48 / An 48 / Mo 48 / Mi 32 / Other 64
[16:20:24] [Server thread/INFO]: Hopper Transfer: 8 Hopper Check: 8 Hopper Amount: 1
[16:20:24] [Server thread/INFO]: Random Lighting Updates: false
[16:20:24] [Server thread/INFO]: Structure Info Saving: true
[16:20:24] [Server thread/INFO]: Sending up to 10 chunks per packet
[16:20:24] [Server thread/INFO]: Max Entity Collisions: 8
[16:20:24] [Server thread/INFO]: Custom Map Seeds:  Village: 10387312 Feature: 14357617
[16:20:24] [Server thread/INFO]: Max TNT Explosions: 100
[16:20:24] [Server thread/INFO]: Tile Max Tick Time: 50ms Entity max Tick Time: 50ms
[16:20:24] [Server thread/INFO]: Item Despawn Rate: 6000
[16:20:24] [Server thread/INFO]: Item Merge Radius: 2.5
[16:20:24] [Server thread/INFO]: Arrow Despawn Rate: 1200
[16:20:24] [Server thread/INFO]: Allow Zombie Pigmen to spawn from portal blocks: true
[16:20:24] [Server thread/INFO]: View Distance: 4
[16:20:24] [Server thread/INFO]: Zombie Aggressive Towards Villager: true
[16:20:24] [Server thread/INFO]: Chunks to Grow per Tick: 650
[16:20:24] [Server thread/INFO]: Clear tick list: false
[16:20:24] [Server thread/INFO]: Experience Merge Radius: 3.0
[16:20:24] [Server thread/INFO]: -------- World Settings For [world_nether] --------
[16:20:24] [Server thread/INFO]: Player blocking damage multiplier set to 0.5
[16:20:24] [Server thread/INFO]: Remove invalid mob spawner tile entities: true
[16:20:24] [Server thread/INFO]: Squids will spawn between Y: 45.0 and Y: 63.0
[16:20:24] [Server thread/INFO]: Max height for cactus growth 3. Max height for reed growth 3
[16:20:24] [Server thread/INFO]: Living Entity Despawn Ranges:  Soft: 32 Hard: 128
[16:20:24] [Server thread/INFO]: Water over lava flow speed: 5
[16:20:24] [Server thread/INFO]: Fix TNT cannons: false
[16:20:24] [Server thread/INFO]: Allow undead horse types to be leashed: false
[16:20:24] [Server thread/INFO]: Keep spawn chunk loaded: true
[16:20:24] [Server thread/INFO]: World async lighting: false
[16:20:24] [Server thread/INFO]: WorldServer TickNextTick cap set at 10000
[16:20:24] [Server thread/INFO]: WorldServer TickNextTickList cap always processes redstone: false
[16:20:24] [Server thread/INFO]: -------- World Settings For [world_the_end] --------
[16:20:24] [Server thread/INFO]: Mob Spawn Range: 4
[16:20:24] [Server thread/INFO]: Anti X-Ray: true
[16:20:24] [Server thread/INFO]: 	Engine Mode: 1
[16:20:24] [Server thread/INFO]: 	Hidden Blocks: [14, 15, 16, 21, 48, 49, 54, 56, 73, 74, 82, 129, 130]
[16:20:24] [Server thread/INFO]: 	Replace Blocks: [1, 5]
[16:20:24] [Server thread/INFO]: Nerfing mobs spawned from spawners: false
[16:20:24] [Server thread/INFO]: Cactus Growth Modifier: 100%
[16:20:24] [Server thread/INFO]: Cane Growth Modifier: 100%
[16:20:24] [Server thread/INFO]: Melon Growth Modifier: 100%
[16:20:24] [Server thread/INFO]: Mushroom Growth Modifier: 100%
[16:20:24] [Server thread/INFO]: Pumpkin Growth Modifier: 100%
[16:20:24] [Server thread/INFO]: Sapling Growth Modifier: 100%
[16:20:24] [Server thread/INFO]: Wheat Growth Modifier: 100%
[16:20:24] [Server thread/INFO]: NetherWart Growth Modifier: 100%
[16:20:24] [Server thread/INFO]: Entity Activation Range: An 32 / Mo 32 / Mi 16
[16:20:24] [Server thread/INFO]: Entity Tracking Range: Pl 48 / An 48 / Mo 48 / Mi 32 / Other 64
[16:20:24] [Server thread/INFO]: Hopper Transfer: 8 Hopper Check: 8 Hopper Amount: 1
[16:20:24] [Server thread/INFO]: Random Lighting Updates: false
[16:20:24] [Server thread/INFO]: Structure Info Saving: true
[16:20:24] [Server thread/INFO]: Sending up to 10 chunks per packet
[16:20:24] [Server thread/INFO]: Max Entity Collisions: 8
[16:20:24] [Server thread/INFO]: Custom Map Seeds:  Village: 10387312 Feature: 14357617
[16:20:24] [Server thread/INFO]: Max TNT Explosions: 100
[16:20:24] [Server thread/INFO]: Tile Max Tick Time: 50ms Entity max Tick Time: 50ms
[16:20:24] [Server thread/INFO]: Item Despawn Rate: 6000
[16:20:24] [Server thread/INFO]: Item Merge Radius: 2.5
[16:20:24] [Server thread/INFO]: Arrow Despawn Rate: 1200
[16:20:24] [Server thread/INFO]: Allow Zombie Pigmen to spawn from portal blocks: true
[16:20:24] [Server thread/INFO]: View Distance: 4
[16:20:24] [Server thread/INFO]: Zombie Aggressive Towards Villager: true
[16:20:24] [Server thread/INFO]: Chunks to Grow per Tick: 650
[16:20:24] [Server thread/INFO]: Clear tick list: false
[16:20:24] [Server thread/INFO]: Experience Merge Radius: 3.0
[16:20:24] [Server thread/INFO]: -------- World Settings For [world_the_end] --------
[16:20:24] [Server thread/INFO]: Player blocking damage multiplier set to 0.5
[16:20:24] [Server thread/INFO]: Remove invalid mob spawner tile entities: true
[16:20:24] [Server thread/INFO]: Squids will spawn between Y: 45.0 and Y: 63.0
[16:20:24] [Server thread/INFO]: Max height for cactus growth 3. Max height for reed growth 3
[16:20:24] [Server thread/INFO]: Living Entity Despawn Ranges:  Soft: 32 Hard: 128
[16:20:24] [Server thread/INFO]: Water over lava flow speed: 5
[16:20:24] [Server thread/INFO]: Fix TNT cannons: false
[16:20:24] [Server thread/INFO]: Allow undead horse types to be leashed: false
[16:20:24] [Server thread/INFO]: Keep spawn chunk loaded: true
[16:20:24] [Server thread/INFO]: World async lighting: false
[16:20:24] [Server thread/INFO]: WorldServer TickNextTick cap set at 10000
[16:20:24] [Server thread/INFO]: WorldServer TickNextTickList cap always processes redstone: false
[16:20:24] [Server thread/INFO]: Preparing start region for level 0 (Seed: 8381041124859738022)
[16:20:25] [Server thread/INFO]: Preparing spawn area: 85%
[16:20:25] [Server thread/INFO]: Preparing start region for level 1 (Seed: 8381041124859738022)
[16:20:26] [Server thread/INFO]: Preparing spawn area: 99%
[16:20:26] [Server thread/INFO]: Preparing start region for level 2 (Seed: 8381041124859738022)
[16:20:26] [Server thread/INFO]: [SimpleTpa] Enabling SimpleTpa v7.0
[16:20:26] [Server thread/INFO]: [0;33;1m[21m[SimpleTpa] If you need support contact me at https://discord.gg/SZUkza9[m

[16:20:26] [Server thread/INFO]: [0;33;1m[21m[SimpleTpa] Simple Tpa has been enabled on version 7.0[m

[16:20:26] [Server thread/INFO]: Enabled metrics. You may opt-out by changing plugins/bStats/config.yml
[16:20:26] [Server thread/INFO]: [SimpleHomes] Enabling SimpleHomes v2.2
[16:20:26] [Server thread/INFO]: [WorldEdit] Enabling WorldEdit v6.1;no_git_id
[16:20:27] [Server thread/INFO]: WEPIF: Using the Bukkit Permissions API.
[16:20:27] [Server thread/INFO]: [WorldEdit] Using com.sk89q.worldedit.bukkit.adapter.impl.Spigot_v1_8_R3 as the Bukkit adapter
[16:20:27] [Server thread/INFO]: [Essentials] Enabling Essentials v2.20.1
[16:20:27] [Server thread/INFO]: You are running a server with limited API functionality. EssentialsX will still work, but certain features may be disabled.
[16:20:27] [Server thread/INFO]: Attempting to convert old kits in config.yml to new kits.yml
[16:20:27] [Server thread/INFO]: No kits found to migrate.
[16:20:27] [Server thread/INFO]: Starting Essentials ban format conversion
[16:20:27] [Server thread/INFO]: Attempting to migrate ignore list to UUIDs
[16:20:27] [Server thread/INFO]: Attempting to migrate legacy userdata keys to Configurate
[16:20:27] [Server thread/INFO]: Loaded 853 items from items.csv.
[16:20:27] [Server thread/INFO]: Using locale en
[16:20:27] [Server thread/INFO]: ServerListPingEvent: Spigot iterator API
[16:20:27] [Server thread/INFO]: Starting Metrics. Opt-out using the global bStats config.
[16:20:27] [Server thread/INFO]: [Vault][Economy] Essentials Economy hooked.
[16:20:27] [Server thread/INFO]: Using superperms-based permissions.
[16:20:27] [Server thread/INFO]: [LoginSecurity] Enabling LoginSecurity v3.2.0
[16:20:27] [Server thread/INFO]: [LoginSecurity] Loading base translations from "en_us"
[16:20:27] [Server thread/INFO]: [LoginSecurity] Loading specified translations from "en_us"
[16:20:27] [Server thread/INFO]: [LoginSecurity] Registering commands...
[16:20:27] [Server thread/INFO]: [LoginSecurity] Registering listeners...
[16:20:27] [Server thread/WARN]: Server permissions file permissions.yml is not valid YAML.
java.lang.ClassCastException: class java.lang.Integer cannot be cast to class java.util.Map (java.lang.Integer and java.util.Map are in module java.base of loader 'bootstrap')
	at org.bukkit.craftbukkit.v1_8_R3.CraftServer.loadCustomPermissions(CraftServer.java:802) ~[patched_1.8.8.jar:git-PaperSpigot-445]
	at org.bukkit.craftbukkit.v1_8_R3.CraftServer.enablePlugins(CraftServer.java:329) ~[patched_1.8.8.jar:git-PaperSpigot-445]
	at net.minecraft.server.v1_8_R3.MinecraftServer.s(MinecraftServer.java:408) ~[patched_1.8.8.jar:git-PaperSpigot-445]
	at net.minecraft.server.v1_8_R3.MinecraftServer.k(MinecraftServer.java:372) ~[patched_1.8.8.jar:git-PaperSpigot-445]
	at net.minecraft.server.v1_8_R3.MinecraftServer.a(MinecraftServer.java:327) ~[patched_1.8.8.jar:git-PaperSpigot-445]
	at net.minecraft.server.v1_8_R3.DedicatedServer.init(DedicatedServer.java:267) ~[patched_1.8.8.jar:git-PaperSpigot-445]
	at net.minecraft.server.v1_8_R3.MinecraftServer.run(MinecraftServer.java:563) ~[patched_1.8.8.jar:git-PaperSpigot-445]
	at java.lang.Thread.run(Thread.java:1583) [?:?]
[16:20:27] [Server thread/INFO]: Done (3.615s)! For help, type "help" or "?"
[16:20:27] [Server thread/INFO]: Timings Reset
[16:20:27] [Server thread/INFO]: Essentials found a compatible payment resolution method: Vault Compatibility Layer (v1.5.5-b47)!
[16:20:27] [Craft Scheduler Thread - 2/INFO]: ยง6Fetching version information...
[16:20:27] [Craft Scheduler Thread - 3/INFO]: [Vault] Checking for Updates ... 
[16:20:28] [Craft Scheduler Thread - 3/WARN]: [Vault] Stable Version: 1.7.3 is out! You are still running version: 1.5.5
[16:20:28] [Craft Scheduler Thread - 3/WARN]: [Vault] Update at: http://dev.bukkit.org/server-mods/vault
[16:20:46] [Server thread/INFO]: Unknown command. Type "/help" for help.[m

[16:20:50] [Server thread/INFO]: [0;33;1m----------[m Help: page 1/6  [0;33;1m--------------------[m[m

[16:20:50] [Server thread/INFO]: [0;37;22mType [0;36;1m//help <command> [<page>][0;37;22m for more information.[m

[16:20:50] [Server thread/INFO]: [0;33;22m//: [mToggle the super pickaxe function[m

[16:20:50] [Server thread/INFO]: [0;33;22m/.s: [mExecute last CraftScript[m

[16:20:50] [Server thread/INFO]: [0;33;22m/ascend: [mGo up a floor[m

[16:20:50] [Server thread/INFO]: [0;33;22m/biomeinfo: [mGet the biome of the targeted block.[m

[16:20:50] [Server thread/INFO]: [0;33;22m/biomelist: [mGets all biomes available.[m

[16:20:50] [Server thread/INFO]: [0;33;22m/brush: [mBrushing commands[m

[16:20:50] [Server thread/INFO]: [0;33;22m/butcher: [mKill all or nearby mobs[m

[16:20:50] [Server thread/INFO]: [0;33;22m//calc: [mEvaluate a mathematical expression[m

[16:20:50] [Server thread/INFO]: [0;33;22m/ceil: [mGo to the celing[m

[16:20:50] [Server thread/INFO]: [0;33;22m//center: [mSet the center block(s)[m

[16:20:50] [Server thread/INFO]: [0;33;22m//chunk: [mSet the selection to your current chunk.[m

[16:20:50] [Server thread/INFO]: [0;33;22m/chunkinfo: [mGet information about the chunk that you are inside[m

[16:20:50] [Server thread/INFO]: [0;33;22m/clearclipboard: [mClear your clipboard[m

[16:20:50] [Server thread/INFO]: [0;33;22m//clearhistory: [mClear your history[m

[16:20:50] [Server thread/INFO]: [0;33;22m//contract: [mContract the selection area[m

[16:20:50] [Server thread/INFO]: [0;33;22m//copy: [mCopy the selection to the clipboard[m

[16:20:50] [Server thread/INFO]: [0;33;22m//count: [mCounts the number of a certain type of block[m

[16:20:50] [Server thread/INFO]: [0;33;22m/cs: [mExecute a CraftScript[m

[16:20:50] [Server thread/INFO]: [0;33;22m//curve: [mDraws a spline through selected points[m

[16:20:50] [Server thread/INFO]: [0;33;22m//cut: [mCut the selection to the clipboard[m

[16:21:14] [Server thread/INFO]: [0;33;1m----------[m Help: page 5/6  [0;33;1m--------------------[m[m

[16:21:14] [Server thread/INFO]: [0;37;22mType [0;36;1m//help <command> [<page>][0;37;22m for more information.[m

[16:21:14] [Server thread/INFO]: [0;33;22m/repl: [mBlock replacer tool[m

[16:21:14] [Server thread/INFO]: [0;33;22m//replace: [mReplace all blocks in the selection with another[m

[16:21:14] [Server thread/INFO]: [0;33;22m//replacenear: [mReplace nearby blocks[m

[16:21:14] [Server thread/INFO]: [0;33;22m/restore: [mRestore the selection from a snapshot[m

[16:21:14] [Server thread/INFO]: [0;33;22m//rotate: [mRotate the contents of the clipboard[m

[16:21:14] [Server thread/INFO]: [0;33;22m//save: [mSave a schematic into your clipboard[m

[16:21:14] [Server thread/INFO]: [0;33;22m/schematic: [mSchematic commands for saving/loading areas[m

[16:21:14] [Server thread/INFO]: [0;33;22m//searchitem: [mSearch for an item[m

[16:21:14] [Server thread/INFO]: [0;33;22m//sel: [mChoose a region selector[m

[16:21:14] [Server thread/INFO]: [0;33;22m//set: [mSet all the blocks inside the selection to a block[m

[16:21:14] [Server thread/INFO]: [0;33;22m//setbiome: [mSets the biome of the player's current block or region.[m

[16:21:14] [Server thread/INFO]: [0;33;22m//shift: [mShift the selection area[m

[16:21:14] [Server thread/INFO]: [0;33;22m//size: [mGet information about the selection[m

[16:21:14] [Server thread/INFO]: [0;33;22m/size: [mSet the brush size[m

[16:21:14] [Server thread/INFO]: [0;33;22m//smooth: [mSmooth the elevation in the selection[m

[16:21:14] [Server thread/INFO]: [0;33;22m/snapshot: [mSchematic commands for saving/loading areas[m

[16:21:14] [Server thread/INFO]: [0;33;22m//snow: [mSimulates snow[m

[16:21:14] [Server thread/INFO]: [0;33;22m//sphere: [mGenerates a filled sphere.[m

[16:21:14] [Server thread/INFO]: [0;33;22m//stack: [mRepeat the contents of the selection[m

[16:21:14] [Server thread/INFO]: [0;33;22m/superpickaxe: [mSuper-pickaxe commands[m

[16:21:22] [Server thread/INFO]: Unknown command. Type "/help" for help.[m

