[15:58:24] [main/INFO]: Using mbed TLS based native cipher.
[15:58:24] [main/INFO]: Using zlib based native compressor.
[15:58:24] [main/INFO]: Enabled Waterfall version git:Waterfall-Bootstrap:1.19-R0.1-SNAPSHOT:f6069e2:513
[15:58:24] [main/INFO]: Not on Windows, attempting to use enhanced EpollEventLoop
[15:58:24] [main/INFO]: Epoll is working, utilising it!
[15:58:24] [main/INFO]: Discovered module: ModuleSpec(name=cmd_alert, file=modules/cmd_alert.jar, provider=JenkinsModuleSource())
[15:58:24] [main/INFO]: Discovered module: ModuleSpec(name=cmd_find, file=modules/cmd_find.jar, provider=JenkinsModuleSource())
[15:58:24] [main/INFO]: Discovered module: ModuleSpec(name=cmd_list, file=modules/cmd_list.jar, provider=JenkinsModuleSource())
[15:58:24] [main/INFO]: Discovered module: ModuleSpec(name=cmd_send, file=modules/cmd_send.jar, provider=JenkinsModuleSource())
[15:58:24] [main/INFO]: Discovered module: ModuleSpec(name=cmd_server, file=modules/cmd_server.jar, provider=JenkinsModuleSource())
[15:58:24] [main/INFO]: Discovered module: ModuleSpec(name=reconnect_yaml, file=modules/reconnect_yaml.jar, provider=JenkinsModuleSource())
[15:58:24] [main/INFO]: Attempting to update plugin from null to ModuleVersion(build=513, git=f6069e2)
[15:58:24] [main/INFO]: Attempting to Jenkins download module cmd_alert v513
[15:58:25] [main/INFO]: Download complete
[15:58:25] [main/INFO]: Attempting to update plugin from null to ModuleVersion(build=513, git=f6069e2)
[15:58:25] [main/INFO]: Attempting to Jenkins download module cmd_find v513
[15:58:25] [main/INFO]: Download complete
[15:58:25] [main/INFO]: Attempting to update plugin from null to ModuleVersion(build=513, git=f6069e2)
[15:58:25] [main/INFO]: Attempting to Jenkins download module cmd_list v513
[15:58:25] [main/INFO]: Download complete
[15:58:25] [main/INFO]: Attempting to update plugin from null to ModuleVersion(build=513, git=f6069e2)
[15:58:25] [main/INFO]: Attempting to Jenkins download module cmd_send v513
[15:58:25] [main/INFO]: Download complete
[15:58:25] [main/INFO]: Attempting to update plugin from null to ModuleVersion(build=513, git=f6069e2)
[15:58:25] [main/INFO]: Attempting to Jenkins download module cmd_server v513
[15:58:25] [main/INFO]: Download complete
[15:58:25] [main/INFO]: Attempting to update plugin from null to ModuleVersion(build=513, git=f6069e2)
[15:58:25] [main/INFO]: Attempting to Jenkins download module reconnect_yaml v513
[15:58:25] [main/INFO]: Download complete
[15:58:25] [main/INFO]: Loaded plugin reconnect_yaml version git:reconnect_yaml:1.19-R0.1-SNAPSHOT:f6069e2:513 by WaterfallMC
[15:58:25] [main/INFO]: Loaded plugin cmd_find version git:cmd_find:1.19-R0.1-SNAPSHOT:f6069e2:513 by WaterfallMC
[15:58:25] [main/INFO]: Loaded plugin cmd_server version git:cmd_server:1.19-R0.1-SNAPSHOT:f6069e2:513 by WaterfallMC
[15:58:25] [main/INFO]: Loaded plugin cmd_alert version git:cmd_alert:1.19-R0.1-SNAPSHOT:f6069e2:513 by WaterfallMC
[15:58:25] [main/INFO]: Loaded plugin cmd_send version git:cmd_send:1.19-R0.1-SNAPSHOT:f6069e2:513 by WaterfallMC
[15:58:25] [main/INFO]: Loaded plugin cmd_list version git:cmd_list:1.19-R0.1-SNAPSHOT:f6069e2:513 by WaterfallMC
[15:58:25] [main/WARN]: :>:>:>:>:>:>:>:>:>:>:>:>:>:>:>:>:>:>:>:>:>:>:>
[15:58:25] [main/WARN]: :>  
[15:58:25] [main/WARN]: :>      EAGLERCRAFTXBUNGEE WARNING:
[15:58:25] [main/WARN]: :>  
[15:58:25] [main/WARN]: :>  This plugin wasn't tested to be 'working'
[15:58:25] [main/WARN]: :>  with ANY version of BungeeCord (and forks)
[15:58:25] [main/WARN]: :>  apart from the versions listed below:
[15:58:25] [main/WARN]: :>  
[15:58:25] [main/WARN]: :>  - BungeeCord: 1.20-R0.3-SNAPSHOT:eda268b:1797
[15:58:25] [main/WARN]: :>  - Waterfall: 1.20-R0.2-SNAPSHOT:92b5149:562
[15:58:25] [main/WARN]: :>  - FlameCord: 1.1.1
[15:58:25] [main/WARN]: :>  
[15:58:25] [main/WARN]: :>  This is not a Bukkit/Spigot plugin!
[15:58:25] [main/WARN]: :>  
[15:58:25] [main/WARN]: :>  Use "-Deaglerxbungee.stfu=true" to hide
[15:58:25] [main/WARN]: :>  
[15:58:25] [main/WARN]: :>:>:>:>:>:>:>:>:>:>:>:>:>:>:>:>:>:>:>:>:>:>:>
[15:58:25] [main/INFO] [EaglercraftXBungee]: Loading vanilla profile: lax1dude
[15:58:26] [Skin Download Thread #1/INFO] [EaglercraftXBungee]: Loaded vanilla profile: lax1dude
[15:58:26] [main/INFO]: Loaded plugin EaglercraftXBungee version 1.0.10 by lax1dude
[15:58:26] [main/WARN]: Forced host server pvp is not defined
[15:58:26] [main/INFO]: Enabled plugin reconnect_yaml version git:reconnect_yaml:1.19-R0.1-SNAPSHOT:f6069e2:513 by WaterfallMC
[15:58:26] [main/INFO]: Enabled plugin cmd_find version git:cmd_find:1.19-R0.1-SNAPSHOT:f6069e2:513 by WaterfallMC
[15:58:26] [main/INFO]: Enabled plugin cmd_server version git:cmd_server:1.19-R0.1-SNAPSHOT:f6069e2:513 by WaterfallMC
[15:58:26] [main/INFO]: Enabled plugin cmd_alert version git:cmd_alert:1.19-R0.1-SNAPSHOT:f6069e2:513 by WaterfallMC
[15:58:26] [main/INFO]: Enabled plugin cmd_send version git:cmd_send:1.19-R0.1-SNAPSHOT:f6069e2:513 by WaterfallMC
[15:58:26] [main/INFO]: Enabled plugin cmd_list version git:cmd_list:1.19-R0.1-SNAPSHOT:f6069e2:513 by WaterfallMC
[15:58:26] [main/ERROR] [EaglercraftXBungee]: Online mode is set to false! Authentication system has been disabled
[15:58:26] [Netty Worker IO Thread #0/INFO] [EaglercraftXBungee]: Eaglercraft is listening on: /0.0.0.0:8081
[15:58:26] [main/INFO] [EaglercraftXBungee]: Downloading from maven: https://repo1.maven.org/maven2/org/xerial/sqlite-jdbc/3.45.0.0/sqlite-jdbc-3.45.0.0.jar
[15:58:26] [EaglerXBungee: Network Tick Tasks/INFO] [EaglercraftXBungee]: Downloading new certificate: https://eaglercraft.com/backup.cert
[15:58:27] [EaglerXBungee: Network Tick Tasks/INFO] [EaglercraftXBungee]: Loaded certificate: /workspaces/server-test-eaglercraft/bungee/plugins/EaglercraftXBungee/eagcert/$dl.72bf55b8032aaa87c866298cca22169e9b497e75.cert
[15:58:27] [main/INFO] [EaglercraftXBungee]: Connected to database: jdbc:sqlite:eaglercraft_skins_cache.db
[15:58:27] [main/INFO]: Enabled plugin EaglercraftXBungee version 1.0.10 by lax1dude
[15:58:27] [Netty Boss IO Thread #0/INFO]: Listening on /127.0.0.1:25577
[16:03:53] [main/INFO]: Command not found
[16:03:58] [main/INFO]: Command not found
[16:04:01] [main/INFO]: Command not found
[16:05:01] [main/INFO]: Command not found
[16:13:41] [main/INFO]: Command not found
[16:17:14] [main/INFO]: Command not found
[16:21:30] [main/INFO]: Command not found
[16:33:31] [Netty Worker IO Thread #3/WARN] [EaglercraftXBungee]: Server icon is not a file: /workspaces/server-test-eaglercraft/bungee/server-icon.png
[16:34:28] [main/INFO]: Command not found
[16:39:00] [Netty Worker IO Thread #2/INFO] [EaglercraftXBungee]: [/[0:0:0:0:0:0:0:1%0]:58720]: Connected via websocket
[16:39:00] [Netty Worker IO Thread #2/INFO] [EaglercraftXBungee]: [/[0:0:0:0:0:0:0:1%0]:58720]: Origin header is http://localhost:8081
[16:39:01] [Netty Worker IO Thread #2/INFO] [EaglercraftXBungee]: [/[0:0:0:0:0:0:0:1%0]:58720]: Logged in as '12111'
[16:39:01] [Netty Worker IO Thread #2/INFO]: [/[0:0:0:0:0:0:0:1%0]:58720|12111] -> UpstreamBridge has connected
[16:39:01] [Netty Worker IO Thread #2/INFO]: [12111|/[0:0:0:0:0:0:0:1%0]:58720] <-> ServerConnector [lobby] has connected
[16:41:49] [main/INFO]: Command not found
[16:48:13] [Netty Worker IO Thread #2/INFO]: [/[0:0:0:0:0:0:0:1%0]:58720|12111] -> UpstreamBridge has disconnected
[16:48:13] [Netty Worker IO Thread #2/INFO]: [12111] disconnected with: Proxy lost connection to server.
[16:48:13] [Netty Worker IO Thread #2/INFO]: [/[0:0:0:0:0:0:0:1%0]:58720|12111] <-> DownstreamBridge <-> [lobby] has disconnected
[16:50:00] [main/INFO]: Command not found
[16:54:04] [Netty Worker IO Thread #1/INFO] [EaglercraftXBungee]: [/[0:0:0:0:0:0:0:1%0]:51856]: Connected via websocket
[16:54:04] [Netty Worker IO Thread #1/INFO] [EaglercraftXBungee]: [/[0:0:0:0:0:0:0:1%0]:51856]: Origin header is http://localhost:8081
[16:54:04] [Netty Worker IO Thread #1/INFO] [EaglercraftXBungee]: [/[0:0:0:0:0:0:0:1%0]:51856]: Logged in as '12111'
[16:54:04] [Netty Worker IO Thread #1/INFO]: [/[0:0:0:0:0:0:0:1%0]:51856|12111] -> UpstreamBridge has connected
[16:54:04] [Netty Worker IO Thread #1/INFO]: [12111|/[0:0:0:0:0:0:0:1%0]:51856] <-> ServerConnector [lobby] has connected
[16:54:49] [Netty Worker IO Thread #1/INFO]: [/[0:0:0:0:0:0:0:1%0]:51856|12111] -> UpstreamBridge has disconnected
[16:54:49] [Netty Worker IO Thread #1/INFO]: [12111] disconnected with: Proxy lost connection to server.
[16:54:49] [Netty Worker IO Thread #1/INFO]: [/[0:0:0:0:0:0:0:1%0]:51856|12111] <-> DownstreamBridge <-> [lobby] has disconnected
